[INFO] Scanning for projects...
[INFO] 
[INFO] -----------------------< com.fliliy:second-hand >-----------------------
[INFO] Building second-hand 0.0.1-SNAPSHOT
[INFO] --------------------------------[ jar ]---------------------------------
[INFO] 
[INFO] >>> spring-boot-maven-plugin:2.7.18:run (default-cli) > test-compile @ second-hand >>>
[INFO] 
[INFO] --- maven-resources-plugin:2.6:resources (default-resources) @ second-hand ---
[INFO] Using 'UTF-8' encoding to copy filtered resources.
[INFO] Copying 5 resources
[INFO] 
[INFO] --- maven-compiler-plugin:3.8.1:compile (default-compile) @ second-hand ---
[INFO] Nothing to compile - all classes are up to date
[INFO] 
[INFO] --- maven-resources-plugin:2.6:testResources (default-testResources) @ second-hand ---
[INFO] Using 'UTF-8' encoding to copy filtered resources.
[INFO] skip non existing resourceDirectory /Users/yit/Desktop/second-hand-platform2/src/test/resources
[INFO] 
[INFO] --- maven-compiler-plugin:3.8.1:testCompile (default-testCompile) @ second-hand ---
[INFO] Nothing to compile - all classes are up to date
[INFO] 
[INFO] <<< spring-boot-maven-plugin:2.7.18:run (default-cli) < test-compile @ second-hand <<<
[INFO] 
[INFO] 
[INFO] --- spring-boot-maven-plugin:2.7.18:run (default-cli) @ second-hand ---
[INFO] Attaching agents: []

  .   ____          _            __ _ _
 /\\ / ___'_ __ _ _(_)_ __  __ _ \ \ \ \
( ( )\___ | '_ | '_| | '_ \/ _` | \ \ \ \
 \\/  ___)| |_)| | | | | || (_| |  ) ) ) )
  '  |____| .__|_| |_|_| |_\__, | / / / /
 =========|_|==============|___/=/_/_/_/
 :: Spring Boot ::               (v2.7.18)

2025-09-27 00:56:24 [main] INFO  com.fliliy.secondhand.SecondHandApplication - Starting SecondHandApplication using Java 20 on bogon with PID 24301 (/Users/yit/Desktop/second-hand-platform2/target/classes started by yit in /Users/yit/Desktop/second-hand-platform2)
2025-09-27 00:56:24 [main] DEBUG com.fliliy.secondhand.SecondHandApplication - Running with Spring Boot v2.7.18, Spring v5.3.31
2025-09-27 00:56:24 [main] INFO  com.fliliy.secondhand.SecondHandApplication - No active profile set, falling back to 1 default profile: "default"
2025-09-27 00:56:25 [main] INFO  o.s.d.r.config.RepositoryConfigurationDelegate - Multiple Spring Data modules found, entering strict repository configuration mode
2025-09-27 00:56:25 [main] INFO  o.s.d.r.config.RepositoryConfigurationDelegate - Bootstrapping Spring Data JPA repositories in DEFAULT mode.
2025-09-27 00:56:25 [main] INFO  o.s.d.r.config.RepositoryConfigurationDelegate - Finished Spring Data repository scanning in 217 ms. Found 15 JPA repository interfaces.
2025-09-27 00:56:25 [main] INFO  o.s.d.r.config.RepositoryConfigurationDelegate - Multiple Spring Data modules found, entering strict repository configuration mode
2025-09-27 00:56:25 [main] INFO  o.s.d.r.config.RepositoryConfigurationDelegate - Bootstrapping Spring Data Redis repositories in DEFAULT mode.
2025-09-27 00:56:25 [main] INFO  o.s.d.r.c.RepositoryConfigurationExtensionSupport - Spring Data Redis - Could not safely identify store assignment for repository candidate interface com.fliliy.secondhand.repository.CategoryRepository; If you want this repository to be a Redis repository, consider annotating your entities with one of these annotations: org.springframework.data.redis.core.RedisHash (preferred), or consider extending one of the following types with your repository: org.springframework.data.keyvalue.repository.KeyValueRepository
2025-09-27 00:56:25 [main] INFO  o.s.d.r.c.RepositoryConfigurationExtensionSupport - Spring Data Redis - Could not safely identify store assignment for repository candidate interface com.fliliy.secondhand.repository.ChatMessageRepository; If you want this repository to be a Redis repository, consider annotating your entities with one of these annotations: org.springframework.data.redis.core.RedisHash (preferred), or consider extending one of the following types with your repository: org.springframework.data.keyvalue.repository.KeyValueRepository
2025-09-27 00:56:25 [main] INFO  o.s.d.r.c.RepositoryConfigurationExtensionSupport - Spring Data Redis - Could not safely identify store assignment for repository candidate interface com.fliliy.secondhand.repository.ChatRoomRepository; If you want this repository to be a Redis repository, consider annotating your entities with one of these annotations: org.springframework.data.redis.core.RedisHash (preferred), or consider extending one of the following types with your repository: org.springframework.data.keyvalue.repository.KeyValueRepository
2025-09-27 00:56:25 [main] INFO  o.s.d.r.c.RepositoryConfigurationExtensionSupport - Spring Data Redis - Could not safely identify store assignment for repository candidate interface com.fliliy.secondhand.repository.ProductFavoriteRepository; If you want this repository to be a Redis repository, consider annotating your entities with one of these annotations: org.springframework.data.redis.core.RedisHash (preferred), or consider extending one of the following types with your repository: org.springframework.data.keyvalue.repository.KeyValueRepository
2025-09-27 00:56:25 [main] INFO  o.s.d.r.c.RepositoryConfigurationExtensionSupport - Spring Data Redis - Could not safely identify store assignment for repository candidate interface com.fliliy.secondhand.repository.ProductImageRepository; If you want this repository to be a Redis repository, consider annotating your entities with one of these annotations: org.springframework.data.redis.core.RedisHash (preferred), or consider extending one of the following types with your repository: org.springframework.data.keyvalue.repository.KeyValueRepository
2025-09-27 00:56:25 [main] INFO  o.s.d.r.c.RepositoryConfigurationExtensionSupport - Spring Data Redis - Could not safely identify store assignment for repository candidate interface com.fliliy.secondhand.repository.ProductRepository; If you want this repository to be a Redis repository, consider annotating your entities with one of these annotations: org.springframework.data.redis.core.RedisHash (preferred), or consider extending one of the following types with your repository: org.springframework.data.keyvalue.repository.KeyValueRepository
2025-09-27 00:56:25 [main] INFO  o.s.d.r.c.RepositoryConfigurationExtensionSupport - Spring Data Redis - Could not safely identify store assignment for repository candidate interface com.fliliy.secondhand.repository.ProductTagRepository; If you want this repository to be a Redis repository, consider annotating your entities with one of these annotations: org.springframework.data.redis.core.RedisHash (preferred), or consider extending one of the following types with your repository: org.springframework.data.keyvalue.repository.KeyValueRepository
2025-09-27 00:56:25 [main] INFO  o.s.d.r.c.RepositoryConfigurationExtensionSupport - Spring Data Redis - Could not safely identify store assignment for repository candidate interface com.fliliy.secondhand.repository.SmsRecordRepository; If you want this repository to be a Redis repository, consider annotating your entities with one of these annotations: org.springframework.data.redis.core.RedisHash (preferred), or consider extending one of the following types with your repository: org.springframework.data.keyvalue.repository.KeyValueRepository
2025-09-27 00:56:25 [main] INFO  o.s.d.r.c.RepositoryConfigurationExtensionSupport - Spring Data Redis - Could not safely identify store assignment for repository candidate interface com.fliliy.secondhand.repository.SystemConfigRepository; If you want this repository to be a Redis repository, consider annotating your entities with one of these annotations: org.springframework.data.redis.core.RedisHash (preferred), or consider extending one of the following types with your repository: org.springframework.data.keyvalue.repository.KeyValueRepository
2025-09-27 00:56:25 [main] INFO  o.s.d.r.c.RepositoryConfigurationExtensionSupport - Spring Data Redis - Could not safely identify store assignment for repository candidate interface com.fliliy.secondhand.repository.TransactionRepository; If you want this repository to be a Redis repository, consider annotating your entities with one of these annotations: org.springframework.data.redis.core.RedisHash (preferred), or consider extending one of the following types with your repository: org.springframework.data.keyvalue.repository.KeyValueRepository
2025-09-27 00:56:25 [main] INFO  o.s.d.r.c.RepositoryConfigurationExtensionSupport - Spring Data Redis - Could not safely identify store assignment for repository candidate interface com.fliliy.secondhand.repository.UserAddressRepository; If you want this repository to be a Redis repository, consider annotating your entities with one of these annotations: org.springframework.data.redis.core.RedisHash (preferred), or consider extending one of the following types with your repository: org.springframework.data.keyvalue.repository.KeyValueRepository
2025-09-27 00:56:25 [main] INFO  o.s.d.r.c.RepositoryConfigurationExtensionSupport - Spring Data Redis - Could not safely identify store assignment for repository candidate interface com.fliliy.secondhand.repository.UserNotificationRepository; If you want this repository to be a Redis repository, consider annotating your entities with one of these annotations: org.springframework.data.redis.core.RedisHash (preferred), or consider extending one of the following types with your repository: org.springframework.data.keyvalue.repository.KeyValueRepository
2025-09-27 00:56:25 [main] INFO  o.s.d.r.c.RepositoryConfigurationExtensionSupport - Spring Data Redis - Could not safely identify store assignment for repository candidate interface com.fliliy.secondhand.repository.UserRepository; If you want this repository to be a Redis repository, consider annotating your entities with one of these annotations: org.springframework.data.redis.core.RedisHash (preferred), or consider extending one of the following types with your repository: org.springframework.data.keyvalue.repository.KeyValueRepository
2025-09-27 00:56:25 [main] INFO  o.s.d.r.c.RepositoryConfigurationExtensionSupport - Spring Data Redis - Could not safely identify store assignment for repository candidate interface com.fliliy.secondhand.repository.UserTokenRepository; If you want this repository to be a Redis repository, consider annotating your entities with one of these annotations: org.springframework.data.redis.core.RedisHash (preferred), or consider extending one of the following types with your repository: org.springframework.data.keyvalue.repository.KeyValueRepository
2025-09-27 00:56:25 [main] INFO  o.s.d.r.c.RepositoryConfigurationExtensionSupport - Spring Data Redis - Could not safely identify store assignment for repository candidate interface com.fliliy.secondhand.repository.VerificationCodeRepository; If you want this repository to be a Redis repository, consider annotating your entities with one of these annotations: org.springframework.data.redis.core.RedisHash (preferred), or consider extending one of the following types with your repository: org.springframework.data.keyvalue.repository.KeyValueRepository
2025-09-27 00:56:25 [main] INFO  o.s.d.r.config.RepositoryConfigurationDelegate - Finished Spring Data repository scanning in 12 ms. Found 0 Redis repository interfaces.
2025-09-27 00:56:26 [main] INFO  o.s.boot.web.embedded.tomcat.TomcatWebServer - Tomcat initialized with port(s): 8080 (http)
2025-09-27 00:56:26 [main] INFO  org.apache.catalina.core.StandardService - Starting service [Tomcat]
2025-09-27 00:56:26 [main] INFO  org.apache.catalina.core.StandardEngine - Starting Servlet engine: [Apache Tomcat/9.0.83]
2025-09-27 00:56:26 [main] INFO  o.a.c.c.C.[Tomcat].[localhost].[/api/v1] - Initializing Spring embedded WebApplicationContext
2025-09-27 00:56:26 [main] INFO  o.s.b.w.s.c.ServletWebServerApplicationContext - Root WebApplicationContext: initialization completed in 1531 ms
2025-09-27 00:56:26 [main] DEBUG c.fliliy.secondhand.config.JwtAuthenticationFilter - Filter 'jwtAuthenticationFilter' configured for use
2025-09-27 00:56:26 [main] DEBUG com.zaxxer.hikari.HikariConfig - Driver class com.mysql.cj.jdbc.Driver found in Thread context class loader jdk.internal.loader.ClassLoaders$AppClassLoader@7e32c033
2025-09-27 00:56:26 [main] INFO  org.hibernate.jpa.internal.util.LogHelper - HHH000204: Processing PersistenceUnitInfo [name: default]
2025-09-27 00:56:26 [main] INFO  org.hibernate.Version - HHH000412: Hibernate ORM core version 5.6.15.Final
2025-09-27 00:56:26 [main] INFO  org.hibernate.annotations.common.Version - HCANN000001: Hibernate Commons Annotations {5.1.2.Final}
2025-09-27 00:56:26 [main] DEBUG com.zaxxer.hikari.HikariConfig - HikariPool-1 - configuration:
2025-09-27 00:56:26 [main] DEBUG com.zaxxer.hikari.HikariConfig - allowPoolSuspension................................false
2025-09-27 00:56:26 [main] DEBUG com.zaxxer.hikari.HikariConfig - autoCommit................................true
2025-09-27 00:56:26 [main] DEBUG com.zaxxer.hikari.HikariConfig - catalog................................none
2025-09-27 00:56:26 [main] DEBUG com.zaxxer.hikari.HikariConfig - connectionInitSql................................none
2025-09-27 00:56:26 [main] DEBUG com.zaxxer.hikari.HikariConfig - connectionTestQuery................................none
2025-09-27 00:56:26 [main] DEBUG com.zaxxer.hikari.HikariConfig - connectionTimeout................................30000
2025-09-27 00:56:26 [main] DEBUG com.zaxxer.hikari.HikariConfig - dataSource................................none
2025-09-27 00:56:26 [main] DEBUG com.zaxxer.hikari.HikariConfig - dataSourceClassName................................none
2025-09-27 00:56:26 [main] DEBUG com.zaxxer.hikari.HikariConfig - dataSourceJNDI................................none
2025-09-27 00:56:26 [main] DEBUG com.zaxxer.hikari.HikariConfig - dataSourceProperties................................{password=<masked>}
2025-09-27 00:56:26 [main] DEBUG com.zaxxer.hikari.HikariConfig - driverClassName................................"com.mysql.cj.jdbc.Driver"
2025-09-27 00:56:26 [main] DEBUG com.zaxxer.hikari.HikariConfig - exceptionOverrideClassName................................none
2025-09-27 00:56:26 [main] DEBUG com.zaxxer.hikari.HikariConfig - healthCheckProperties................................{}
2025-09-27 00:56:26 [main] DEBUG com.zaxxer.hikari.HikariConfig - healthCheckRegistry................................none
2025-09-27 00:56:26 [main] DEBUG com.zaxxer.hikari.HikariConfig - idleTimeout................................600000
2025-09-27 00:56:26 [main] DEBUG com.zaxxer.hikari.HikariConfig - initializationFailTimeout................................1
2025-09-27 00:56:26 [main] DEBUG com.zaxxer.hikari.HikariConfig - isolateInternalQueries................................false
2025-09-27 00:56:26 [main] DEBUG com.zaxxer.hikari.HikariConfig - jdbcUrl................................jdbc:mysql://localhost:3306/fliliy_db?useUnicode=true&characterEncoding=UTF-8&useSSL=false&serverTimezone=UTC
2025-09-27 00:56:26 [main] DEBUG com.zaxxer.hikari.HikariConfig - keepaliveTime................................0
2025-09-27 00:56:26 [main] DEBUG com.zaxxer.hikari.HikariConfig - leakDetectionThreshold................................0
2025-09-27 00:56:26 [main] DEBUG com.zaxxer.hikari.HikariConfig - maxLifetime................................1800000
2025-09-27 00:56:26 [main] DEBUG com.zaxxer.hikari.HikariConfig - maximumPoolSize................................10
2025-09-27 00:56:26 [main] DEBUG com.zaxxer.hikari.HikariConfig - metricRegistry................................none
2025-09-27 00:56:26 [main] DEBUG com.zaxxer.hikari.HikariConfig - metricsTrackerFactory................................none
2025-09-27 00:56:26 [main] DEBUG com.zaxxer.hikari.HikariConfig - minimumIdle................................10
2025-09-27 00:56:26 [main] DEBUG com.zaxxer.hikari.HikariConfig - password................................<masked>
2025-09-27 00:56:26 [main] DEBUG com.zaxxer.hikari.HikariConfig - poolName................................"HikariPool-1"
2025-09-27 00:56:26 [main] DEBUG com.zaxxer.hikari.HikariConfig - readOnly................................false
2025-09-27 00:56:26 [main] DEBUG com.zaxxer.hikari.HikariConfig - registerMbeans................................false
2025-09-27 00:56:26 [main] DEBUG com.zaxxer.hikari.HikariConfig - scheduledExecutor................................none
2025-09-27 00:56:26 [main] DEBUG com.zaxxer.hikari.HikariConfig - schema................................none
2025-09-27 00:56:26 [main] DEBUG com.zaxxer.hikari.HikariConfig - threadFactory................................internal
2025-09-27 00:56:26 [main] DEBUG com.zaxxer.hikari.HikariConfig - transactionIsolation................................default
2025-09-27 00:56:26 [main] DEBUG com.zaxxer.hikari.HikariConfig - username................................"root"
2025-09-27 00:56:26 [main] DEBUG com.zaxxer.hikari.HikariConfig - validationTimeout................................5000
2025-09-27 00:56:26 [main] INFO  com.zaxxer.hikari.HikariDataSource - HikariPool-1 - Starting...
2025-09-27 00:56:26 [main] DEBUG com.zaxxer.hikari.pool.HikariPool - HikariPool-1 - Added connection com.mysql.cj.jdbc.ConnectionImpl@3302035b
2025-09-27 00:56:26 [main] INFO  com.zaxxer.hikari.HikariDataSource - HikariPool-1 - Start completed.
2025-09-27 00:56:26 [main] INFO  org.hibernate.dialect.Dialect - HHH000400: Using dialect: org.hibernate.dialect.MySQL8Dialect
2025-09-27 00:56:26 [HikariPool-1 housekeeper] DEBUG com.zaxxer.hikari.pool.HikariPool - HikariPool-1 - Pool stats (total=1, active=0, idle=1, waiting=0)
2025-09-27 00:56:26 [HikariPool-1 connection adder] DEBUG com.zaxxer.hikari.pool.HikariPool - HikariPool-1 - Added connection com.mysql.cj.jdbc.ConnectionImpl@55a4e789
2025-09-27 00:56:26 [HikariPool-1 connection adder] DEBUG com.zaxxer.hikari.pool.HikariPool - HikariPool-1 - Added connection com.mysql.cj.jdbc.ConnectionImpl@1499edb2
2025-09-27 00:56:26 [HikariPool-1 connection adder] DEBUG com.zaxxer.hikari.pool.HikariPool - HikariPool-1 - Added connection com.mysql.cj.jdbc.ConnectionImpl@25c71fdd
2025-09-27 00:56:26 [HikariPool-1 connection adder] DEBUG com.zaxxer.hikari.pool.HikariPool - HikariPool-1 - Added connection com.mysql.cj.jdbc.ConnectionImpl@74b612fd
2025-09-27 00:56:26 [HikariPool-1 connection adder] DEBUG com.zaxxer.hikari.pool.HikariPool - HikariPool-1 - Added connection com.mysql.cj.jdbc.ConnectionImpl@5711b4cb
2025-09-27 00:56:27 [HikariPool-1 connection adder] DEBUG com.zaxxer.hikari.pool.HikariPool - HikariPool-1 - Added connection com.mysql.cj.jdbc.ConnectionImpl@70f88aea
2025-09-27 00:56:27 [HikariPool-1 connection adder] DEBUG com.zaxxer.hikari.pool.HikariPool - HikariPool-1 - Added connection com.mysql.cj.jdbc.ConnectionImpl@4bdc2e88
2025-09-27 00:56:27 [HikariPool-1 connection adder] DEBUG com.zaxxer.hikari.pool.HikariPool - HikariPool-1 - Added connection com.mysql.cj.jdbc.ConnectionImpl@213fc1be
2025-09-27 00:56:27 [HikariPool-1 connection adder] DEBUG com.zaxxer.hikari.pool.HikariPool - HikariPool-1 - Added connection com.mysql.cj.jdbc.ConnectionImpl@11aa26bc
2025-09-27 00:56:27 [HikariPool-1 connection adder] DEBUG com.zaxxer.hikari.pool.HikariPool - HikariPool-1 - After adding stats (total=10, active=0, idle=10, waiting=0)
2025-09-27 00:56:27 [main] INFO  o.h.e.t.jta.platform.internal.JtaPlatformInitiator - HHH000490: Using JtaPlatform implementation: [org.hibernate.engine.transaction.jta.platform.internal.NoJtaPlatform]
2025-09-27 00:56:27 [main] INFO  o.s.orm.jpa.LocalContainerEntityManagerFactoryBean - Initialized JPA EntityManagerFactory for persistence unit 'default'
2025-09-27 00:56:29 [main] WARN  o.s.b.a.s.s.UserDetailsServiceAutoConfiguration - 

Using generated security password: ae064899-4a36-4d29-9887-5e916a19a68a

This generated password is for development use only. Your security configuration must be updated before running your application in production.

2025-09-27 00:56:29 [main] DEBUG o.s.s.w.a.e.ExpressionBasedFilterInvocationSecurityMetadataSource - Adding web access control expression [permitAll] for Ant [pattern='/auth/**']
2025-09-27 00:56:29 [main] DEBUG o.s.s.w.a.e.ExpressionBasedFilterInvocationSecurityMetadataSource - Adding web access control expression [permitAll] for Ant [pattern='/health']
2025-09-27 00:56:29 [main] DEBUG o.s.s.w.a.e.ExpressionBasedFilterInvocationSecurityMetadataSource - Adding web access control expression [permitAll] for Ant [pattern='/h2-console/**']
2025-09-27 00:56:29 [main] DEBUG o.s.s.w.a.e.ExpressionBasedFilterInvocationSecurityMetadataSource - Adding web access control expression [permitAll] for Ant [pattern='/categories/**']
2025-09-27 00:56:29 [main] DEBUG o.s.s.w.a.e.ExpressionBasedFilterInvocationSecurityMetadataSource - Adding web access control expression [permitAll] for Ant [pattern='/products']
2025-09-27 00:56:29 [main] DEBUG o.s.s.w.a.e.ExpressionBasedFilterInvocationSecurityMetadataSource - Adding web access control expression [permitAll] for Ant [pattern='/products/*']
2025-09-27 00:56:29 [main] DEBUG o.s.s.w.a.e.ExpressionBasedFilterInvocationSecurityMetadataSource - Adding web access control expression [permitAll] for Ant [pattern='/files/**']
2025-09-27 00:56:29 [main] DEBUG o.s.s.w.a.e.ExpressionBasedFilterInvocationSecurityMetadataSource - Adding web access control expression [permitAll] for Ant [pattern='/system/**']
2025-09-27 00:56:29 [main] DEBUG o.s.s.w.a.e.ExpressionBasedFilterInvocationSecurityMetadataSource - Adding web access control expression [authenticated] for any request
2025-09-27 00:56:29 [main] INFO  o.s.security.web.DefaultSecurityFilterChain - Will secure any request with [org.springframework.security.web.session.DisableEncodeUrlFilter@70ed03e4, org.springframework.security.web.context.request.async.WebAsyncManagerIntegrationFilter@533a8540, org.springframework.security.web.context.SecurityContextPersistenceFilter@7b1bb01c, org.springframework.security.web.header.HeaderWriterFilter@5fdebe73, org.springframework.web.filter.CorsFilter@24489d12, org.springframework.security.web.authentication.logout.LogoutFilter@32a541a8, com.fliliy.secondhand.config.JwtAuthenticationFilter@f0020b1, org.springframework.security.web.savedrequest.RequestCacheAwareFilter@597084b7, org.springframework.security.web.servletapi.SecurityContextHolderAwareRequestFilter@59ebe484, org.springframework.security.web.authentication.AnonymousAuthenticationFilter@28df2da8, org.springframework.security.web.session.SessionManagementFilter@7a6078d, org.springframework.security.web.access.ExceptionTranslationFilter@2fe152aa, org.springframework.security.web.access.intercept.FilterSecurityInterceptor@2da3d7d3]
2025-09-27 00:56:29 [main] INFO  o.s.b.a.web.servlet.WelcomePageHandlerMapping - Adding welcome page: class path resource [static/index.html]
2025-09-27 00:56:29 [main] WARN  o.s.b.w.s.c.AnnotationConfigServletWebServerApplicationContext - Exception encountered during context initialization - cancelling refresh attempt: org.springframework.context.ApplicationContextException: Failed to start bean 'webServerStartStop'; nested exception is org.springframework.boot.web.server.PortInUseException: Port 8080 is already in use
2025-09-27 00:56:29 [main] INFO  o.s.orm.jpa.LocalContainerEntityManagerFactoryBean - Closing JPA EntityManagerFactory for persistence unit 'default'
2025-09-27 00:56:29 [main] INFO  com.zaxxer.hikari.HikariDataSource - HikariPool-1 - Shutdown initiated...
2025-09-27 00:56:29 [main] DEBUG com.zaxxer.hikari.pool.HikariPool - HikariPool-1 - Before shutdown stats (total=10, active=0, idle=10, waiting=0)
2025-09-27 00:56:29 [HikariPool-1 connection closer] DEBUG com.zaxxer.hikari.pool.PoolBase - HikariPool-1 - Closing connection com.mysql.cj.jdbc.ConnectionImpl@3302035b: (connection evicted)
2025-09-27 00:56:29 [HikariPool-1 connection closer] DEBUG com.zaxxer.hikari.pool.PoolBase - HikariPool-1 - Closing connection com.mysql.cj.jdbc.ConnectionImpl@55a4e789: (connection evicted)
2025-09-27 00:56:29 [HikariPool-1 connection closer] DEBUG com.zaxxer.hikari.pool.PoolBase - HikariPool-1 - Closing connection com.mysql.cj.jdbc.ConnectionImpl@1499edb2: (connection evicted)
2025-09-27 00:56:29 [HikariPool-1 connection closer] DEBUG com.zaxxer.hikari.pool.PoolBase - HikariPool-1 - Closing connection com.mysql.cj.jdbc.ConnectionImpl@25c71fdd: (connection evicted)
2025-09-27 00:56:29 [HikariPool-1 connection closer] DEBUG com.zaxxer.hikari.pool.PoolBase - HikariPool-1 - Closing connection com.mysql.cj.jdbc.ConnectionImpl@74b612fd: (connection evicted)
2025-09-27 00:56:29 [HikariPool-1 connection closer] DEBUG com.zaxxer.hikari.pool.PoolBase - HikariPool-1 - Closing connection com.mysql.cj.jdbc.ConnectionImpl@5711b4cb: (connection evicted)
2025-09-27 00:56:29 [HikariPool-1 connection closer] DEBUG com.zaxxer.hikari.pool.PoolBase - HikariPool-1 - Closing connection com.mysql.cj.jdbc.ConnectionImpl@70f88aea: (connection evicted)
2025-09-27 00:56:29 [HikariPool-1 connection closer] DEBUG com.zaxxer.hikari.pool.PoolBase - HikariPool-1 - Closing connection com.mysql.cj.jdbc.ConnectionImpl@4bdc2e88: (connection evicted)
2025-09-27 00:56:29 [HikariPool-1 connection closer] DEBUG com.zaxxer.hikari.pool.PoolBase - HikariPool-1 - Closing connection com.mysql.cj.jdbc.ConnectionImpl@213fc1be: (connection evicted)
2025-09-27 00:56:29 [HikariPool-1 connection closer] DEBUG com.zaxxer.hikari.pool.PoolBase - HikariPool-1 - Closing connection com.mysql.cj.jdbc.ConnectionImpl@11aa26bc: (connection evicted)
2025-09-27 00:56:29 [main] DEBUG com.zaxxer.hikari.pool.HikariPool - HikariPool-1 - After shutdown stats (total=0, active=0, idle=0, waiting=0)
2025-09-27 00:56:29 [main] INFO  com.zaxxer.hikari.HikariDataSource - HikariPool-1 - Shutdown completed.
2025-09-27 00:56:29 [main] INFO  org.apache.catalina.core.StandardService - Stopping service [Tomcat]
2025-09-27 00:56:29 [main] INFO  o.s.b.a.l.ConditionEvaluationReportLoggingListener - 

Error starting ApplicationContext. To display the conditions report re-run your application with 'debug' enabled.
2025-09-27 00:56:29 [main] ERROR o.s.b.diagnostics.LoggingFailureAnalysisReporter - 

***************************
APPLICATION FAILED TO START
***************************

Description:

Web server failed to start. Port 8080 was already in use.

Action:

Identify and stop the process that's listening on port 8080 or configure this application to listen on another port.

[INFO] ------------------------------------------------------------------------
[INFO] BUILD FAILURE
[INFO] ------------------------------------------------------------------------
[INFO] Total time:  8.898 s
[INFO] Finished at: 2025-09-27T00:56:30+08:00
[INFO] ------------------------------------------------------------------------
[ERROR] Failed to execute goal org.springframework.boot:spring-boot-maven-plugin:2.7.18:run (default-cli) on project second-hand: Application finished with exit code: 1 -> [Help 1]
[ERROR] 
[ERROR] To see the full stack trace of the errors, re-run Maven with the -e switch.
[ERROR] Re-run Maven using the -X switch to enable full debug logging.
[ERROR] 
[ERROR] For more information about the errors and possible solutions, please read the following articles:
[ERROR] [Help 1] http://cwiki.apache.org/confluence/display/MAVEN/MojoExecutionException
